<?xml version="1.0" encoding="UTF-8"?>
<!-- Generated by org.testng.reporters.JUnitReportReporter -->
<testsuite hostname="Michaels-MacBook-Pro.local" failures="0" tests="3" name="MichealSeleniumAutomation.StandAlone2" time="15.742" errors="0" timestamp="2024-12-06T12:12:33 SAST" skipped="1">
  <testcase classname="MichealSeleniumAutomation.StandAlone2" name="SubmitOrder" time="9.139"/>
  <system-out/>
  <testcase classname="MichealSeleniumAutomation.StandAlone2" name="SubmitOrder" time="6.603"/>
  <system-out/>
  <testcase classname="MichealSeleniumAutomation.StandAlone2" name="checkOrders">
    <skipped/>
  </testcase> <!-- checkOrders -->
  <system-out/>
</testsuite> <!-- MichealSeleniumAutomation.StandAlone2 -->
