<?xml version="1.0" encoding="UTF-8"?>
<!-- Generated by org.testng.reporters.JUnitReportReporter -->
<testsuite hostname="Michaels-MacBook-Pro.local" failures="0" tests="3" name="MichealSeleniumAutomation.StandAlone2" time="15.590" errors="0" timestamp="2024-12-06T10:19:31 SAST" skipped="1">
  <testcase classname="MichealSeleniumAutomation.StandAlone2" name="SubmitOrder" time="8.893"/>
  <system-out/>
  <testcase classname="MichealSeleniumAutomation.StandAlone2" name="SubmitOrder" time="6.697"/>
  <system-out/>
  <testcase classname="MichealSeleniumAutomation.StandAlone2" name="checkOrders">
    <skipped/>
  </testcase> <!-- checkOrders -->
  <system-out/>
</testsuite> <!-- MichealSeleniumAutomation.StandAlone2 -->
