<?xml version="1.0" encoding="UTF-8"?>
<!-- Generated by org.testng.reporters.JUnitReportReporter -->
<testsuite hostname="Michaels-MacBook-Pro.local" failures="0" tests="2" name="MichealSeleniumAutomation.ErrorValidations" time="5.046" errors="0" timestamp="2024-12-06T12:35:35 SAST" skipped="0">
  <testcase classname="MichealSeleniumAutomation.ErrorValidations" name="testFailedLogin" time="0.805"/>
  <system-out/>
  <testcase classname="MichealSeleniumAutomation.ErrorValidations" name="SubmitIncorrectOrder" time="4.241"/>
  <system-out/>
</testsuite> <!-- MichealSeleniumAutomation.ErrorValidations -->
